[16-May-2017 12:00:37 UTC] PHP Parse error:  syntax error, unexpected end of file in /home/ubuntu/workspace/api/logar.php on line 41
[16-May-2017 12:21:21 UTC] PHP Parse error:  syntax error, unexpected end of file in /home/ubuntu/workspace/api/logar.php on line 41
[16-May-2017 12:23:02 UTC] PHP Parse error:  syntax error, unexpected end of file in /home/ubuntu/workspace/api/logar.php on line 41
[16-May-2017 12:23:27 UTC] PHP Parse error:  syntax error, unexpected end of file in /home/ubuntu/workspace/api/logar.php on line 41
[16-May-2017 12:23:51 UTC] PHP Parse error:  syntax error, unexpected end of file in /home/ubuntu/workspace/api/logar.php on line 41
[16-May-2017 12:25:13 UTC] PHP Parse error:  syntax error, unexpected end of file in /home/ubuntu/workspace/api/logar.php on line 41
[16-May-2017 12:33:45 UTC] PHP Parse error:  syntax error, unexpected end of file in /home/ubuntu/workspace/api/logar.php on line 41
[16-May-2017 12:34:48 UTC] PHP Warning:  require_once(../Utils/Init.php): failed to open stream: No such file or directory in /home/ubuntu/workspace/api/logar.php on line 3
[16-May-2017 12:34:48 UTC] PHP Stack trace:
[16-May-2017 12:34:48 UTC] PHP   1. {main}() /home/ubuntu/workspace/api/logar.php:0
[16-May-2017 12:34:48 UTC] PHP Fatal error:  require_once(): Failed opening required '../Utils/Init.php' (include_path='.:/usr/share/php:/usr/share/pear') in /home/ubuntu/workspace/api/logar.php on line 3
[16-May-2017 12:34:48 UTC] PHP Stack trace:
[16-May-2017 12:34:48 UTC] PHP   1. {main}() /home/ubuntu/workspace/api/logar.php:0
[16-May-2017 12:35:00 UTC] PHP Warning:  require_once(/Utils/Init.php): failed to open stream: No such file or directory in /home/ubuntu/workspace/api/logar.php on line 3
[16-May-2017 12:35:00 UTC] PHP Stack trace:
[16-May-2017 12:35:00 UTC] PHP   1. {main}() /home/ubuntu/workspace/api/logar.php:0
[16-May-2017 12:35:00 UTC] PHP Fatal error:  require_once(): Failed opening required '/Utils/Init.php' (include_path='.:/usr/share/php:/usr/share/pear') in /home/ubuntu/workspace/api/logar.php on line 3
[16-May-2017 12:35:00 UTC] PHP Stack trace:
[16-May-2017 12:35:00 UTC] PHP   1. {main}() /home/ubuntu/workspace/api/logar.php:0
[16-May-2017 12:38:25 UTC] PHP Parse error:  syntax error, unexpected '}' in /home/ubuntu/workspace/api/logar.php on line 31
