Array
(
    [username] => professor@email.com
    [password] => 123
)
Array
(
    [username] => professor@email.com
    [password] => 123
)
Array
(
    [username] => professor@email.com
    [password] => 123
)
Array
(
)
Array
(
)
Array
(
)
Array
(
    [username] => professor@email.com
    [password] => 123
)
Array
(
    [username] => professor@email.com
    [password] => 123
)
Array
(
    [username] => professor@email.com
    [password] => 123
)
Array
(
    [username] => professor@email.com
    [password] => 123
)
Array
(
    [username] => professor@email.com
    [password] => 123
)
Array
(
    [username] => professor@email.com
    [password] => 123
)
Array
(
    [username] => professor@email.com
    [password] => 123
)
Array
(
    [username] => professor@email.com
    [password] => 123
)
Array
(
    [username] => professor@email.com
    [password] => 123
)
Array
(
    [username] => professor@email.com
    [password] => 123
)
Array
(
    [id] => 3
    [nome] => Tarley Lana
    [email] => professor@email.com
    [idc_tipo_usuario] => 1
    [username] => professor@email.com
    [password] => 123
)
Array
(
    [id] => undefined
    [nome] => undefined
    [email] => undefined
    [idc_tipo_usuario] => undefined
    [username] => professor@email.com
    [password] => 123
)
Array
(
    [id] => undefined
    [nome] => undefined
    [email] => undefined
    [idc_tipo_usuario] => undefined
    [username] => professor@email.com
    [password] => 123
)
Array
(
    [username] => professor@email.com
    [password] => 123
)
Array
(
    [username] => professor@email.com
    [password] => 123
)
Array
(
    [username] => professor@email.com
    [password] => 123
)
Array
(
    [username] => professor@email.com
    [password] => 123
)
Array
(
    [username] => professor@email.com
    [password] => 123
)
Array
(
    [username] => professor@email.com
    [password] => 123
)
Array
(
    [username] => professor@email.com.br
    [password] => 123
)
Array
(
    [username] => professor@email.com.br
    [password] => 123
)
Array
(
    [username] => professor@email.com
    [password] => 123
)
Array
(
    [username] => professor@email.com
    [password] => 123
)
Array
(
    [username] => professor@email.com
    [password] => 123
)
Array
(
    [username] => professor@email.com
    [password] => 123
)
Array
(
    [username] => professor@email.com
    [password] => 123
)
Array
(
    [username] => professor@email.com
    [password] => 123
)
Array
(
    [username] => coordenador@email.com
    [password] => 123
)
Array
(
    [username] => coordenador@email.com
    [password] => 123
)
Array
(
    [username] => extensao@email.com
    [password] => 123
)
Array
(
    [username] => professor@email.com
    [password] => 123
)
Array
(
    [username] => professor@email.com
    [password] => 123
)
Array
(
    [username] => coordenador@email.com
    [password] => 123
)
Array
(
    [username] => administrador@email.com
    [password] => 123
)
Array
(
    [username] => extensao@email.com
    [password] => 123
)
Array
(
    [username] => professor@email.com
    [password] => 123
)
Array
(
    [username] => professor@email.com
    [password] => 123
)
Array
(
    [username] => professor@email.com
    [password] => 123
)
Array
(
    [username] => professor@email.com
    [password] => 123
)
Array
(
    [username] => professor@email.com
    [password] => Avrilteamos2
)
Array
(
    [username] => professor@email.com
    [password] => 123
)
Array
(
    [username] => professor@email.com
    [password] => 123
)
Array
(
    [username] => coordenador@email.com
    [password] => 123
)
Array
(
    [username] => professor@email.com
    [password] => 123
)
Array
(
    [username] => professor@email.com
    [password] => 123
)
Array
(
    [username] => coordenador@email.com
    [password] => 123
)
Array
(
    [username] => extensao@email.com
    [password] => 123
)
Array
(
    [username] => professor@email.com
    [password] => 123
)
Array
(
    [username] => professor@email.com
    [password] => 123
)
Array
(
    [username] => professor@email.com
    [password] => 123
)
Array
(
    [username] => professor@email.com.com
    [password] => 123
)
Array
(
    [username] => professor@email.com
    [password] => 123
)
Array
(
    [username] => coordenador@e,ail.;com
    [password] => 123
)
Array
(
    [username] => coordenador@email.;com
    [password] => 123
)
Array
(
    [username] => coordenador@email.;com
    [password] => 123
)
Array
(
    [username] => coordenador@email..com
    [password] => 123
)
Array
(
    [username] => coordenador@email.com
    [password] => 123
)
Array
(
    [username] => professor@email.com
    [password] => 123
)
Array
(
    [username] => coordenador@email.com
    [password] => 123
)
Array
(
    [username] => professor@email.com
    [password] => 123
)
Array
(
    [username] => professor@email.com
    [password] => 123
)
Array
(
    [username] => professor@email.com
    [password] => 123
)
Array
(
    [username] => professor@email.com
    [password] => 123
)
Array
(
    [username] => extensao@email.com
    [password] => 123
)
Array
(
    [username] => professor@email.com
    [password] => 123
)
Array
(
    [username] => professor@email.com
    [password] => 123
)
Array
(
    [username] => professor@email.com
    [password] => 123
)
Array
(
    [username] => extensao@email.com
    [password] => 123
)
Array
(
    [username] => extensao@email.com
    [password] => 123
)
Array
(
    [username] => extensao@email.com
    [password] => 123
)
Array
(
    [username] => professor@email.com
    [password] => 123
)
Array
(
    [username] => coordenador@email.com
    [password] => 123
)
Array
(
    [username] => professor@email.com
    [password] => 123
)
Array
(
    [username] => coordenador@email.com
    [password] => 123
)
Array
(
    [username] => coordenador@email.com
    [password] => 123
)
Array
(
    [username] => professor@email.com
    [password] => 123
)
Array
(
    [username] => professor@email.com
    [password] => 123
)
Array
(
    [username] => coordenador@email.com
    [password] => 123
)
Array
(
    [username] => extensao@email.com
    [password] => 123
)
Array
(
    [username] => extensao@email.com
    [password] => 123
)
Array
(
    [username] => extensao@email.com
    [password] => 123
)
Array
(
    [username] => extensao@email.com
    [password] => 123
)
Array
(
    [username] => professor@email.com
    [password] => 123
)
Array
(
    [username] => professor@email.com
    [password] => 123
)
Array
(
    [username] => extensao@email.com
    [password] => 123
)
Array
(
    [username] => extensao@email.com
    [password] => 123
)
Array
(
    [username] => extensao@email.com
    [password] => 123
)
Array
(
    [username] => professor@email.com
    [password] => 123
)
Array
(
    [username] => professor@email.com
    [password] => 123
)
Array
(
    [username] => professor
    [password] => 123
)
Array
(
    [username] => professor@email.com
    [password] => 123
)
Array
(
    [username] => extensao@email.com
    [password] => 123
)
Array
(
    [username] => extensao@email.com
    [password] => 123456
)
Array
(
    [username] => extensao@email.com
    [password] => 123
)
Array
(
    [username] => extensao@email.com
    [password] => 123
)
Array
(
    [username] => professor@email.com
    [password] => 123
)
Array
(
    [username] => professor@email.com
    [password] => 123
)
Array
(
    [username] => professor@email.com
    [password] => 123
)
Array
(
    [username] => professor@email.com
    [password] => 123
)
Array
(
    [username] => professor@email.com
    [password] => 1234
)
Array
(
    [username] => professor@email.com
    [password] => 123
)
Array
(
    [username] => extensao@email.com
    [password] => 123
)
Array
(
    [username] => extensao@email.com
    [password] => 123
)
Array
(
    [username] => professor@email.com
    [password] => 123
)
Array
(
    [username] => professor@email.com
    [password] => 123
)
Array
(
    [username] => professor@email.com
    [password] => 123
)
Array
(
    [username] => professor@email.com
    [password] => 123
)
Array
(
    [username] => professor@email.com
    [password] => 123
)
Array
(
    [username] => coordenador@email.com
    [password] => 123
)
Array
(
    [username] => extensao@email.com
    [password] => 123
)
Array
(
    [username] => professor@email.com
    [password] => 123456
)
Array
(
    [username] => professor@email.com
    [password] => 12345
)
Array
(
    [username] => professor@email.com
    [password] => 1234
)
Array
(
    [username] => professor@email.com
    [password] => 123
)
Array
(
    [username] => coordenador@email.com
    [password] => 123
)
